# JRE version: OpenJDK Runtime Environment (8.0_302-b08) (build 1.8.0_302-b08)
# Java VM: OpenJDK 64-Bit Server VM (25.302-b08 mixed mode windows-amd64 compressed oops)
Heap:
 PSYoungGen      total 154112K, used 56211K [0x00000000eab00000, 0x00000000f5800000, 0x0000000100000000)
  eden space 131072K, 42% used [0x00000000eab00000,0x00000000ee1e4d18,0x00000000f2b00000)
  from space 23040K, 0% used [0x00000000f2b00000,0x00000000f2b00000,0x00000000f4180000)
  to   space 21504K, 0% used [0x00000000f4300000,0x00000000f4300000,0x00000000f5800000)
 ParOldGen       total 86016K, used 52964K [0x00000000c0000000, 0x00000000c5400000, 0x00000000eab00000)
  object space 86016K, 61% used [0x00000000c0000000,0x00000000c33b9260,0x00000000c5400000)
 Metaspace       used 16869K, capacity 17790K, committed 18304K, reserved 1064960K
  class space    used 2080K, capacity 2299K, committed 2432K, reserved 1048576K
GC Heap History (10 events):
Event: 4.980 GC heap before
{Heap before GC invocations=6 (full 0):
 PSYoungGen      total 70656K, used 70633K [0x00000000eab00000, 0x00000000f5b00000, 0x0000000100000000)
  eden space 65536K, 100% used [0x00000000eab00000,0x00000000eeb00000,0x00000000eeb00000)
  from space 5120K, 99% used [0x00000000eeb00000,0x00000000eeffa5e0,0x00000000ef000000)
  to   space 24576K, 0% used [0x00000000f4300000,0x00000000f4300000,0x00000000f5b00000)
 ParOldGen       total 86016K, used 49743K [0x00000000c0000000, 0x00000000c5400000, 0x00000000eab00000)
  object space 86016K, 57% used [0x00000000c0000000,0x00000000c3093d48,0x00000000c5400000)
 Metaspace       used 10191K, capacity 10650K, committed 10880K, reserved 1058816K
  class space    used 1205K, capacity 1331K, committed 1408K, reserved 1048576K
Event: 5.068 GC heap after
Heap after GC invocations=6 (full 0):
 PSYoungGen      total 152576K, used 14201K [0x00000000eab00000, 0x00000000f5800000, 0x0000000100000000)
  eden space 131072K, 0% used [0x00000000eab00000,0x00000000eab00000,0x00000000f2b00000)
  from space 21504K, 66% used [0x00000000f4300000,0x00000000f50de700,0x00000000f5800000)
  to   space 23040K, 0% used [0x00000000f2b00000,0x00000000f2b00000,0x00000000f4180000)
 ParOldGen       total 86016K, used 49751K [0x00000000c0000000, 0x00000000c5400000, 0x00000000eab00000)
  object space 86016K, 57% used [0x00000000c0000000,0x00000000c3095d48,0x00000000c5400000)
 Metaspace       used 10191K, capacity 10650K, committed 10880K, reserved 1058816K
  class space    used 1205K, capacity 1331K, committed 1408K, reserved 1048576K
}
Event: 8.622 GC heap before
{Heap before GC invocations=7 (full 0):
 PSYoungGen      total 152576K, used 145273K [0x00000000eab00000, 0x00000000f5800000, 0x0000000100000000)
  eden space 131072K, 100% used [0x00000000eab00000,0x00000000f2b00000,0x00000000f2b00000)
  from space 21504K, 66% used [0x00000000f4300000,0x00000000f50de700,0x00000000f5800000)
  to   space 23040K, 0% used [0x00000000f2b00000,0x00000000f2b00000,0x00000000f4180000)
 ParOldGen       total 86016K, used 49751K [0x00000000c0000000, 0x00000000c5400000, 0x00000000eab00000)
  object space 86016K, 57% used [0x00000000c0000000,0x00000000c3095d48,0x00000000c5400000)
 Metaspace       used 16295K, capacity 17466K, committed 17536K, reserved 1064960K
  class space    used 2124K, capacity 2419K, committed 2432K, reserved 1048576K
Event: 9.052 GC heap after
Heap after GC invocations=7 (full 0):
 PSYoungGen      total 154112K, used 23038K [0x00000000eab00000, 0x00000000f5800000, 0x0000000100000000)
  eden space 131072K, 0% used [0x00000000eab00000,0x00000000eab00000,0x00000000f2b00000)
  from space 23040K, 99% used [0x00000000f2b00000,0x00000000f417f820,0x00000000f4180000)
  to   space 21504K, 0% used [0x00000000f4300000,0x00000000f4300000,0x00000000f5800000)
 ParOldGen       total 86016K, used 54027K [0x00000000c0000000, 0x00000000c5400000, 0x00000000eab00000)
  object space 86016K, 62% used [0x00000000c0000000,0x00000000c34c2da8,0x00000000c5400000)
 Metaspace       used 16295K, capacity 17466K, committed 17536K, reserved 1064960K
  class space    used 2124K, capacity 2419K, committed 2432K, reserved 1048576K
}
Event: 11.830 GC heap before
{Heap before GC invocations=8 (full 0):
 PSYoungGen      total 154112K, used 154110K [0x00000000eab00000, 0x00000000f5800000, 0x0000000100000000)
  eden space 131072K, 100% used [0x00000000eab00000,0x00000000f2b00000,0x00000000f2b00000)
  from space 23040K, 99% used [0x00000000f2b00000,0x00000000f417f820,0x00000000f4180000)
  to   space 21504K, 0% used [0x00000000f4300000,0x00000000f4300000,0x00000000f5800000)
 ParOldGen       total 86016K, used 54027K [0x00000000c0000000, 0x00000000c5400000, 0x00000000eab00000)
  object space 86016K, 62% used [0x00000000c0000000,0x00000000c34c2da8,0x00000000c5400000)
 Metaspace       used 16927K, capacity 18104K, committed 18304K, reserved 1064960K
  class space    used 2145K, capacity 2424K, committed 2432K, reserved 1048576K
Event: 11.988 GC heap after
Heap after GC invocations=8 (full 0):
 PSYoungGen      total 152576K, used 21488K [0x00000000eab00000, 0x00000000f5800000, 0x0000000100000000)
  eden space 131072K, 0% used [0x00000000eab00000,0x00000000eab00000,0x00000000f2b00000)
  from space 21504K, 99% used [0x00000000f4300000,0x00000000f57fc3a0,0x00000000f5800000)
  to   space 23040K, 0% used [0x00000000f2b00000,0x00000000f2b00000,0x00000000f4180000)
 ParOldGen       total 86016K, used 58033K [0x00000000c0000000, 0x00000000c5400000, 0x00000000eab00000)
  object space 86016K, 67% used [0x00000000c0000000,0x00000000c38ac488,0x00000000c5400000)
 Metaspace       used 16927K, capacity 18104K, committed 18304K, reserved 1064960K
  class space    used 2145K, capacity 2424K, committed 2432K, reserved 1048576K
}
Event: 13.194 GC heap before
{Heap before GC invocations=9 (full 0):
 PSYoungGen      total 152576K, used 152560K [0x00000000eab00000, 0x00000000f5800000, 0x0000000100000000)
  eden space 131072K, 100% used [0x00000000eab00000,0x00000000f2b00000,0x00000000f2b00000)
  from space 21504K, 99% used [0x00000000f4300000,0x00000000f57fc3a0,0x00000000f5800000)
  to   space 23040K, 0% used [0x00000000f2b00000,0x00000000f2b00000,0x00000000f4180000)
 ParOldGen       total 86016K, used 58320K [0x00000000c0000000, 0x00000000c5400000, 0x00000000eab00000)
  object space 86016K, 67% used [0x00000000c0000000,0x00000000c38f43e8,0x00000000c5400000)
 Metaspace       used 17064K, capacity 18262K, committed 18304K, reserved 1064960K
  class space    used 2154K, capacity 2427K, committed 2432K, reserved 1048576K
Event: 13.396 GC heap after
Heap after GC invocations=9 (full 0):
 PSYoungGen      total 154112K, used 14589K [0x00000000eab00000, 0x00000000f5800000, 0x0000000100000000)
  eden space 131072K, 0% used [0x00000000eab00000,0x00000000eab00000,0x00000000f2b00000)
  from space 23040K, 63% used [0x00000000f2b00000,0x00000000f393f638,0x00000000f4180000)
  to   space 21504K, 0% used [0x00000000f4300000,0x00000000f4300000,0x00000000f5800000)
 ParOldGen       total 86016K, used 68308K [0x00000000c0000000, 0x00000000c5400000, 0x00000000eab00000)
  object space 86016K, 79% used [0x00000000c0000000,0x00000000c42b50b8,0x00000000c5400000)
 Metaspace       used 17064K, capacity 18262K, committed 18304K, reserved 1064960K
  class space    used 2154K, capacity 2427K, committed 2432K, reserved 1048576K
}
Event: 13.396 GC heap before
{Heap before GC invocations=10 (full 1):
 PSYoungGen      total 154112K, used 14589K [0x00000000eab00000, 0x00000000f5800000, 0x0000000100000000)
  eden space 131072K, 0% used [0x00000000eab00000,0x00000000eab00000,0x00000000f2b00000)
  from space 23040K, 63% used [0x00000000f2b00000,0x00000000f393f638,0x00000000f4180000)
  to   space 21504K, 0% used [0x00000000f4300000,0x00000000f4300000,0x00000000f5800000)
 ParOldGen       total 86016K, used 68308K [0x00000000c0000000, 0x00000000c5400000, 0x00000000eab00000)
  object space 86016K, 79% used [0x00000000c0000000,0x00000000c42b50b8,0x00000000c5400000)
 Metaspace       used 17064K, capacity 18262K, committed 18304K, reserved 1064960K
  class space    used 2154K, capacity 2427K, committed 2432K, reserved 1048576K
Event: 14.545 GC heap after
Heap after GC invocations=10 (full 1):
 PSYoungGen      total 154112K, used 0K [0x00000000eab00000, 0x00000000f5800000, 0x0000000100000000)
  eden space 131072K, 0% used [0x00000000eab00000,0x00000000eab00000,0x00000000f2b00000)
  from space 23040K, 0% used [0x00000000f2b00000,0x00000000f2b00000,0x00000000f4180000)
  to   space 21504K, 0% used [0x00000000f4300000,0x00000000f4300000,0x00000000f5800000)
 ParOldGen       total 86016K, used 52964K [0x00000000c0000000, 0x00000000c5400000, 0x00000000eab00000)
  object space 86016K, 61% used [0x00000000c0000000,0x00000000c33b9260,0x00000000c5400000)
 Metaspace       used 16859K, capacity 17776K, committed 18304K, reserved 1064960K
  class space    used 2078K, capacity 2296K, committed 2432K, reserved 1048576K
}

